<?xml version="1.0" encoding="UTF-8"?>
<!-- Generated by org.testng.reporters.JUnitReportReporter -->
<testsuite hostname="DESKTOP-QIDUMJE" failures="0" tests="1" name="org.demo.Execute" time="0.344" errors="0" timestamp="23 Aug 2025 11:35:16 GMT" skipped="0">
  <testcase classname="org.demo.Execute" name="test" time="0.344"/>
</testsuite> <!-- org.demo.Execute -->
